<?xml version="1.0" encoding="UTF-8"?>
<!-- Generated by org.testng.reporters.JUnitReportReporter -->
<testsuite hostname="LIN65001029" failures="0" tests="1" name="com.home.tests.HomepageTest" time="16.920" errors="0" timestamp="2021-04-09T08:39:07 IST" skipped="0">
  <testcase classname="com.home.tests.HomepageTest" name="test3" time="16.920"/>
  <system-out/>
</testsuite> <!-- com.home.tests.HomepageTest -->
