<?xml version="1.0" encoding="UTF-8"?>
<!-- Generated by org.testng.reporters.JUnitReportReporter -->
<testsuite hostname="LIN65001029" failures="0" tests="2" name="com.home.tests.WebShopTest" time="46.198" errors="0" timestamp="2021-08-02T09:51:23 IST" skipped="0">
  <testcase classname="com.home.tests.WebShopTest" name="loginPage_LoginTest" time="24.949"/>
  <system-out/>
  <testcase classname="com.home.tests.WebShopTest" name="NewTest" time="21.249"/>
  <system-out/>
</testsuite> <!-- com.home.tests.WebShopTest -->
