<?xml version="1.0" encoding="UTF-8"?>
<!-- Generated by org.testng.reporters.JUnitReportReporter -->
<testsuite hostname="LIN65001029" failures="0" tests="1" name="com.home.tests.LoginPageTest" time="12.257" errors="0" timestamp="2021-04-08T08:13:21 IST" skipped="0">
  <testcase classname="com.home.tests.LoginPageTest" name="test1" time="12.257"/>
  <system-out/>
</testsuite> <!-- com.home.tests.LoginPageTest -->
