<?xml version="1.0" encoding="UTF-8"?>
<!-- Generated by org.testng.reporters.JUnitReportReporter -->
<testsuite hostname="LIN65001029" failures="0" tests="2" name="com.home.tests.WebShopTest" time="36.675" errors="0" timestamp="2021-05-19T12:42:14 IST" skipped="0">
  <testcase classname="com.home.tests.WebShopTest" name="NewTest" time="18.068"/>
  <system-out/>
  <testcase classname="com.home.tests.WebShopTest" name="loginPage_LoginTest" time="18.607"/>
  <system-out/>
</testsuite> <!-- com.home.tests.WebShopTest -->
